E:\DIPLOM\AT-SHELL\TEMPSOLVERWRAPPER\DEBUG\TEMPSOLVERWRAPPER.OBJ
E:\DIPLOM\AT-SHELL\TEMPSOLVERWRAPPER\DEBUG\ASSEMBLYINFO.OBJ
E:\DIPLOM\AT-SHELL\TEMPSOLVERWRAPPER\DEBUG\VC110.PDB
E:\DIPLOM\AT-SHELL\TEMPSOLVERWRAPPER\DEBUG\.NETFRAMEWORK,VERSION=V4.5.ASSEMBLYATTRIBUTES.OBJ
E:\DIPLOM\AT-SHELL\DEBUG\TEMPSOLVERWRAPPER.DLL
E:\DIPLOM\AT-SHELL\DEBUG\TEMPSOLVERWRAPPER.PDB
E:\DIPLOM\AT-SHELL\TEMPSOLVERWRAPPER\DEBUG\METAGEN.WRITE.1.TLOG
E:\diplom\AT-SHELL\Debug\TemporalReasonerX.dll
E:\diplom\AT-SHELL\Debug\TempSolverWrapper.lib
E:\diplom\AT-SHELL\Debug\TempSolverWrapper.exp
E:\diplom\AT-SHELL\TempSolverWrapper\Debug\TempSolverWrapper.vcxproj.ResolveComReference.cache
E:\diplom\AT-SHELL\TempSolverWrapper\Debug\TempSolverWrapper.vcxprojResolveAssemblyReference.cache
E:\diplom\AT-SHELL\TempSolverWrapper\Debug\.NETFramework,Version=v4.5.AssemblyAttributes.obj
E:\diplom\AT-SHELL\TempSolverWrapper\Debug\AssemblyInfo.obj
E:\diplom\AT-SHELL\TempSolverWrapper\Debug\TempSolverWrapper.obj
E:\diplom\AT-SHELL\TempSolverWrapper\Debug\cl.command.1.tlog
E:\diplom\AT-SHELL\TempSolverWrapper\Debug\CL.read.1.tlog
E:\diplom\AT-SHELL\TempSolverWrapper\Debug\CL.write.1.tlog
E:\diplom\AT-SHELL\TempSolverWrapper\Debug\link-cvtres.read.1.tlog
E:\diplom\AT-SHELL\TempSolverWrapper\Debug\link-cvtres.write.1.tlog
E:\diplom\AT-SHELL\TempSolverWrapper\Debug\link-rc.read.1.tlog
E:\diplom\AT-SHELL\TempSolverWrapper\Debug\link-rc.write.1.tlog
E:\diplom\AT-SHELL\TempSolverWrapper\Debug\link.1804-cvtres.read.1.tlog
E:\diplom\AT-SHELL\TempSolverWrapper\Debug\link.1804-cvtres.write.1.tlog
E:\diplom\AT-SHELL\TempSolverWrapper\Debug\link.1804-rc.read.1.tlog
E:\diplom\AT-SHELL\TempSolverWrapper\Debug\link.1804-rc.write.1.tlog
E:\diplom\AT-SHELL\TempSolverWrapper\Debug\link.1804.read.1.tlog
E:\diplom\AT-SHELL\TempSolverWrapper\Debug\link.1804.write.1.tlog
E:\diplom\AT-SHELL\TempSolverWrapper\Debug\link.2776-cvtres.read.1.tlog
E:\diplom\AT-SHELL\TempSolverWrapper\Debug\link.2776-cvtres.write.1.tlog
E:\diplom\AT-SHELL\TempSolverWrapper\Debug\link.2776-rc.read.1.tlog
E:\diplom\AT-SHELL\TempSolverWrapper\Debug\link.2776-rc.write.1.tlog
E:\diplom\AT-SHELL\TempSolverWrapper\Debug\link.2776.read.1.tlog
E:\diplom\AT-SHELL\TempSolverWrapper\Debug\link.2776.write.1.tlog
E:\diplom\AT-SHELL\TempSolverWrapper\Debug\link.command.1.tlog
E:\diplom\AT-SHELL\TempSolverWrapper\Debug\link.read.1.tlog
E:\diplom\AT-SHELL\TempSolverWrapper\Debug\link.write.1.tlog
E:\diplom\AT-SHELL\TempSolverWrapper\Debug\metagen.read.1.tlog
E:\diplom\AT-SHELL\TempSolverWrapper\Debug\metagen.write.1.tlog
E:\diplom\AT-SHELL\TempSolverWrapper\Debug\TempSolverWrapper.write.1.tlog
E:\diplom\AT-SHELL\TempSolverWrapper\Debug\vc110.pdb
E:\diplom\AT-SHELL\TempSolverWrapper\Debug\INTEROP.SOLVERXLIB.1.0.DLL.metagen
E:\diplom\AT-SHELL\TempSolverWrapper\Debug\TEMPORALREASONERX.DLL.metagen
E:\diplom\AT-SHELL\TempSolverWrapper\Debug\RSAENH.DLL.bi
E:\diplom\AT-SHELL\TempSolverWrapper\Debug\TZRES.DLL.bi
E:\diplom\AT-SHELL\Debug\TempSolverWrapper.pdb
E:\diplom\AT-SHELL\Debug\TempSolverWrapper.dll
E:\diplom\AT-SHELL\Debug\TempSolverWrapper.ilk
