E:\DIPLOM\AT-SHELL - копия\MODELVISUALIZER\DEBUG\MOC_MODELVISUALIZER.OBJ
E:\DIPLOM\AT-SHELL - копия\MODELVISUALIZER\DEBUG\MOC_INFOTABLEMODEL.OBJ
E:\DIPLOM\AT-SHELL - копия\MODELVISUALIZER\DEBUG\QSTATIONITEM.OBJ
E:\DIPLOM\AT-SHELL - копия\MODELVISUALIZER\DEBUG\QSATELLITEITEM.OBJ
E:\DIPLOM\AT-SHELL - копия\MODELVISUALIZER\DEBUG\MODELVISUALIZER.OBJ
E:\DIPLOM\AT-SHELL - копия\MODELVISUALIZER\DEBUG\INFOTABLEMODEL.OBJ
E:\DIPLOM\AT-SHELL - КОПИЯ\MODELVISUALIZER\DEBUG\VC110.PDB
E:\DIPLOM\AT-SHELL - КОПИЯ\MODELVISUALIZER\GENERATEDFILES\DEBUG\MOC_INFOTABLEMODEL.CPP
E:\DIPLOM\AT-SHELL - КОПИЯ\MODELVISUALIZER\GENERATEDFILES\DEBUG\MOC_MODELVISUALIZER.CPP
E:\DIPLOM\AT-SHELL - копия\WIN32\DEBUG\MODELVISUALIZER.ILK
E:\DIPLOM\AT-SHELL - копия\WIN32\DEBUG\MODELVISUALIZER.EXE
E:\DIPLOM\AT-SHELL - КОПИЯ\WIN32\DEBUG\MODELVISUALIZER.PDB
E:\Diplom\AT-SHELL - копия\ModelVisualizer\Debug\InfoTableModel.obj
E:\Diplom\AT-SHELL - копия\ModelVisualizer\Debug\moc_InfoTableModel.obj
E:\Diplom\AT-SHELL - копия\ModelVisualizer\Debug\moc_ModelVisualizer.obj
E:\Diplom\AT-SHELL - копия\ModelVisualizer\Debug\ModelVisualizer.obj
E:\Diplom\AT-SHELL - копия\ModelVisualizer\Debug\QSatelliteItem.obj
E:\Diplom\AT-SHELL - копия\ModelVisualizer\Debug\QStationItem.obj
E:\Diplom\AT-SHELL - копия\ModelVisualizer\Debug\cl.command.1.tlog
E:\Diplom\AT-SHELL - копия\ModelVisualizer\Debug\CL.read.1.tlog
E:\Diplom\AT-SHELL - копия\ModelVisualizer\Debug\CL.write.1.tlog
E:\Diplom\AT-SHELL - копия\ModelVisualizer\Debug\custombuild.command.1.tlog
E:\Diplom\AT-SHELL - копия\ModelVisualizer\Debug\custombuild.read.1.tlog
E:\Diplom\AT-SHELL - копия\ModelVisualizer\Debug\custombuild.write.1.tlog
E:\Diplom\AT-SHELL - копия\ModelVisualizer\Debug\link-cvtres.read.1.tlog
E:\Diplom\AT-SHELL - копия\ModelVisualizer\Debug\link-cvtres.write.1.tlog
E:\Diplom\AT-SHELL - копия\ModelVisualizer\Debug\link-rc.read.1.tlog
E:\Diplom\AT-SHELL - копия\ModelVisualizer\Debug\link-rc.write.1.tlog
E:\Diplom\AT-SHELL - копия\ModelVisualizer\Debug\link.command.1.tlog
E:\Diplom\AT-SHELL - копия\ModelVisualizer\Debug\link.read.1.tlog
E:\Diplom\AT-SHELL - копия\ModelVisualizer\Debug\link.write.1.tlog
E:\Diplom\AT-SHELL - копия\ModelVisualizer\Debug\vc110.pdb
E:\Diplom\AT-SHELL - копия\Win32\Debug\ModelVisualizer.pdb
E:\Diplom\AT-SHELL - копия\Win32\Debug\ModelVisualizer.ilk
