E:\DIPLOM\AT-SHELL - копия\TEMPSOLVERWRAPPER\WIN32\DEBUG\TEMPSOLVERWRAPPER.OBJ
E:\DIPLOM\AT-SHELL - копия\TEMPSOLVERWRAPPER\WIN32\DEBUG\ASSEMBLYINFO.OBJ
E:\DIPLOM\AT-SHELL - КОПИЯ\TEMPSOLVERWRAPPER\WIN32\DEBUG\VC110.PDB
E:\DIPLOM\AT-SHELL - копия\TEMPSOLVERWRAPPER\WIN32\DEBUG\.NETFRAMEWORK,VERSION=V4.5.ASSEMBLYATTRIBUTES.OBJ
E:\DIPLOM\AT-SHELL - копия\WIN32\DEBUG\TEMPSOLVERWRAPPER.DLL
E:\DIPLOM\AT-SHELL - КОПИЯ\WIN32\DEBUG\TEMPSOLVERWRAPPER.PDB
E:\DIPLOM\AT-SHELL - КОПИЯ\TEMPSOLVERWRAPPER\WIN32\DEBUG\METAGEN.WRITE.1.TLOG
E:\Diplom\AT-SHELL - копия\Win32\Debug\TemporalReasonerX.dll
E:\Diplom\AT-SHELL - копия\Win32\Debug\TempSolverWrapper.lib
E:\Diplom\AT-SHELL - копия\Win32\Debug\TempSolverWrapper.exp
E:\Diplom\AT-SHELL - копия\TempSolverWrapper\Win32\Debug\TempSolverWrapper.vcxproj.ResolveComReference.cache
E:\Diplom\AT-SHELL - копия\TempSolverWrapper\Win32\Debug\.NETFramework,Version=v4.5.AssemblyAttributes.obj
E:\Diplom\AT-SHELL - копия\TempSolverWrapper\Win32\Debug\AssemblyInfo.obj
E:\Diplom\AT-SHELL - копия\TempSolverWrapper\Win32\Debug\TempSolverWrapper.obj
E:\Diplom\AT-SHELL - копия\TempSolverWrapper\Win32\Debug\cl.command.1.tlog
E:\Diplom\AT-SHELL - копия\TempSolverWrapper\Win32\Debug\CL.read.1.tlog
E:\Diplom\AT-SHELL - копия\TempSolverWrapper\Win32\Debug\CL.write.1.tlog
E:\Diplom\AT-SHELL - копия\TempSolverWrapper\Win32\Debug\link-cvtres.read.1.tlog
E:\Diplom\AT-SHELL - копия\TempSolverWrapper\Win32\Debug\link-cvtres.write.1.tlog
E:\Diplom\AT-SHELL - копия\TempSolverWrapper\Win32\Debug\link-rc.read.1.tlog
E:\Diplom\AT-SHELL - копия\TempSolverWrapper\Win32\Debug\link-rc.write.1.tlog
E:\Diplom\AT-SHELL - копия\TempSolverWrapper\Win32\Debug\link.command.1.tlog
E:\Diplom\AT-SHELL - копия\TempSolverWrapper\Win32\Debug\link.read.1.tlog
E:\Diplom\AT-SHELL - копия\TempSolverWrapper\Win32\Debug\link.write.1.tlog
E:\Diplom\AT-SHELL - копия\TempSolverWrapper\Win32\Debug\metagen.read.1.tlog
E:\Diplom\AT-SHELL - копия\TempSolverWrapper\Win32\Debug\metagen.write.1.tlog
E:\Diplom\AT-SHELL - копия\TempSolverWrapper\Win32\Debug\TempSolverWrapper.write.1.tlog
E:\Diplom\AT-SHELL - копия\TempSolverWrapper\Win32\Debug\vc110.pdb
E:\Diplom\AT-SHELL - копия\TempSolverWrapper\Win32\Debug\INTEROP.SOLVERXLIB.1.0.DLL.metagen
E:\Diplom\AT-SHELL - копия\TempSolverWrapper\Win32\Debug\TEMPORALREASONERX.DLL.metagen
E:\Diplom\AT-SHELL - копия\TempSolverWrapper\Win32\Debug\RSAENH.DLL.bi
E:\Diplom\AT-SHELL - копия\TempSolverWrapper\Win32\Debug\TZRES.DLL.bi
E:\Diplom\AT-SHELL - копия\Win32\Debug\TempSolverWrapper.dll
