E:\DIPLOM\AT-SHELL3\MODELVISUALIZER\WIN32\DEBUG\MOC_MODELVISUALIZER.OBJ
E:\DIPLOM\AT-SHELL3\MODELVISUALIZER\WIN32\DEBUG\MOC_INFOTABLEMODEL.OBJ
E:\DIPLOM\AT-SHELL3\MODELVISUALIZER\WIN32\DEBUG\QSTATIONITEM.OBJ
E:\DIPLOM\AT-SHELL3\MODELVISUALIZER\WIN32\DEBUG\QSATELLITEITEM.OBJ
E:\DIPLOM\AT-SHELL3\MODELVISUALIZER\WIN32\DEBUG\MODELVISUALIZER.OBJ
E:\DIPLOM\AT-SHELL3\MODELVISUALIZER\WIN32\DEBUG\INFOTABLEMODEL.OBJ
E:\DIPLOM\AT-SHELL3\MODELVISUALIZER\WIN32\DEBUG\VC110.PDB
E:\DIPLOM\AT-SHELL3\MODELVISUALIZER\WIN32\DEBUG\QRC_PICTURES.OBJ
E:\DIPLOM\AT-SHELL3\MODELVISUALIZER\GENERATEDFILES\DEBUG\MOC_INFOTABLEMODEL.CPP
E:\DIPLOM\AT-SHELL3\MODELVISUALIZER\GENERATEDFILES\QRC_PICTURES.CPP
E:\DIPLOM\AT-SHELL3\MODELVISUALIZER\GENERATEDFILES\DEBUG\MOC_MODELVISUALIZER.CPP
E:\DIPLOM\AT-SHELL3\WIN32\DEBUG\MODELVISUALIZER.DLL
E:\DIPLOM\AT-SHELL3\WIN32\DEBUG\MODELVISUALIZER.PDB
E:\Diplom\AT-SHELL3\Win32\Debug\ModelVisualizer.lib
E:\Diplom\AT-SHELL3\Win32\Debug\ModelVisualizer.exp
E:\Diplom\AT-SHELL3\ModelVisualizer\Win32\Debug\InfoTableModel.obj
E:\Diplom\AT-SHELL3\ModelVisualizer\Win32\Debug\moc_InfoTableModel.obj
E:\Diplom\AT-SHELL3\ModelVisualizer\Win32\Debug\moc_ModelVisualizer.obj
E:\Diplom\AT-SHELL3\ModelVisualizer\Win32\Debug\ModelVisualizer.obj
E:\Diplom\AT-SHELL3\ModelVisualizer\Win32\Debug\qrc_Pictures.obj
E:\Diplom\AT-SHELL3\ModelVisualizer\Win32\Debug\QSatelliteItem.obj
E:\Diplom\AT-SHELL3\ModelVisualizer\Win32\Debug\QStationItem.obj
E:\Diplom\AT-SHELL3\ModelVisualizer\Win32\Debug\cl.command.1.tlog
E:\Diplom\AT-SHELL3\ModelVisualizer\Win32\Debug\CL.read.1.tlog
E:\Diplom\AT-SHELL3\ModelVisualizer\Win32\Debug\CL.write.1.tlog
E:\Diplom\AT-SHELL3\ModelVisualizer\Win32\Debug\custombuild.command.1.tlog
E:\Diplom\AT-SHELL3\ModelVisualizer\Win32\Debug\custombuild.read.1.tlog
E:\Diplom\AT-SHELL3\ModelVisualizer\Win32\Debug\custombuild.write.1.tlog
E:\Diplom\AT-SHELL3\ModelVisualizer\Win32\Debug\link-cvtres.read.1.tlog
E:\Diplom\AT-SHELL3\ModelVisualizer\Win32\Debug\link-cvtres.write.1.tlog
E:\Diplom\AT-SHELL3\ModelVisualizer\Win32\Debug\link-rc.read.1.tlog
E:\Diplom\AT-SHELL3\ModelVisualizer\Win32\Debug\link-rc.write.1.tlog
E:\Diplom\AT-SHELL3\ModelVisualizer\Win32\Debug\link.command.1.tlog
E:\Diplom\AT-SHELL3\ModelVisualizer\Win32\Debug\link.read.1.tlog
E:\Diplom\AT-SHELL3\ModelVisualizer\Win32\Debug\link.write.1.tlog
E:\Diplom\AT-SHELL3\ModelVisualizer\Win32\Debug\ModelVisualizer.write.1.tlog
E:\Diplom\AT-SHELL3\ModelVisualizer\Win32\Debug\vc110.pdb
E:\Diplom\AT-SHELL3\Win32\Debug\ModelVisualizer.pdb
E:\Diplom\AT-SHELL3\Win32\Debug\ModelVisualizer.dll
